<?xml version="1.0" encoding="UTF-8"?>
<!-- Generated by org.testng.reporters.JUnitReportReporter -->
<testsuite hostname="DESKTOP-0P4JERA" failures="0" tests="4" name="Runner.TestRunner" time="26.783" errors="0" timestamp="2025-07-10T16:30:26 IST" skipped="0">
  <testcase classname="Runner.TestRunner" name="runScenario" time="4.647"/>
  <testcase classname="Runner.TestRunner" name="runScenario" time="11.737"/>
  <testcase classname="Runner.TestRunner" name="runScenario" time="5.683"/>
  <testcase classname="Runner.TestRunner" name="runScenario" time="4.716"/>
</testsuite> <!-- Runner.TestRunner -->
